<?xml version="1.0" encoding="UTF-8"?>
<testng-results skipped="0" failed="0" ignored="0" total="1" passed="1">
  <reporter-output>
  </reporter-output>
  <suite name="Default suite" duration-ms="14964" started-at="2020-11-17T05:58:57Z" finished-at="2020-11-17T05:59:12Z">
    <groups>
    </groups>
    <test name="Default test" duration-ms="14964" started-at="2020-11-17T05:58:57Z" finished-at="2020-11-17T05:59:12Z">
      <class name="src.SeleniumTest">
        <test-method status="PASS" signature="f()[pri:0, instance:src.SeleniumTest@1e88b3c]" name="f" duration-ms="14894" started-at="2020-11-17T05:58:57Z" finished-at="2020-11-17T05:59:12Z">
          <reporter-output>
          </reporter-output>
        </test-method> <!-- f -->
      </class> <!-- src.SeleniumTest -->
    </test> <!-- Default test -->
  </suite> <!-- Default suite -->
</testng-results>
